<?xml version="1.0" encoding="UTF-8"?>
<testsuite xmlns:xsi="http://www.w3.org/2001/XMLSchema-instance" xsi:noNamespaceSchemaLocation="https://maven.apache.org/surefire/maven-surefire-plugin/xsd/surefire-test-report-3.0.xsd" version="3.0" name="runner.TestRunner" time="26.598" tests="4" errors="0" skipped="0" failures="0">
  <properties>
[...]
</properties>
  <testcase name="Verify the status code and response of a GET request" classname="API Test" time="9.68">
    <system-out><![CDATA[
@smoke @get @regression
Scenario: Verify the status code and response of a GET request                 &amp#27;[90m# src/test/resources/features/ApiTest.feature:4&amp#27;[0m
  &amp#27;[32mGiven &amp#27;[0m&amp#27;[32mI send a GET request to &amp#27;[0m&amp#27;[32m&amp#27;[1m"https://jsonplaceholder.typicode.com/posts/1"&amp#27;[0m &amp#27;[90m# steps.ApiSteps.iSendAGETRequestTo(java.lang.String)&amp#27;[0m
  &amp#27;[32mThen &amp#27;[0m&amp#27;[32mthe response status code should be &amp#27;[0m&amp#27;[32m&amp#27;[1m200&amp#27;[0m                                  &amp#27;[90m# steps.ApiSteps.theResponseStatusCodeShouldBe(int)&amp#27;[0m
  &amp#27;[32mAnd &amp#27;[0m&amp#27;[32mthe response should have &amp#27;[0m&amp#27;[32m&amp#27;[1m"userId"&amp#27;[0m&amp#27;[32m with value &amp#27;[0m&amp#27;[32m&amp#27;[1m1&amp#27;[0m                           &amp#27;[90m# steps.ApiSteps.theResponseShouldHaveWithValue(java.lang.String,int)&amp#27;[0m
  &amp#27;[32mAnd &amp#27;[0m&amp#27;[32mthe response should have &amp#27;[0m&amp#27;[32m&amp#27;[1m"body"&amp#27;[0m&amp#27;[32m with value&amp#27;[0m                               &amp#27;[90m# steps.ApiSteps.theResponseShouldHaveWithDocStringValue(java.lang.String,java.lang.String)&amp#27;[0m
]]></system-out>
  </testcase>
  <testcase name="Create a new resource using POST request" classname="API Test" time="0.804">
    <system-out><![CDATA[
@post @regression
Scenario: Create a new resource using POST request                                      &amp#27;[90m# src/test/resources/features/ApiTest.feature:17&amp#27;[0m
  &amp#27;[32mGiven &amp#27;[0m&amp#27;[32mI send a POST request to &amp#27;[0m&amp#27;[32m&amp#27;[1m"https://jsonplaceholder.typicode.com/posts"&amp#27;[0m&amp#27;[32m with body&amp#27;[0m &amp#27;[90m# steps.ApiSteps.iSendAPOSTRequestToWithBody(java.lang.String,java.lang.String)&amp#27;[0m
  &amp#27;[32mThen &amp#27;[0m&amp#27;[32mthe response status code should be &amp#27;[0m&amp#27;[32m&amp#27;[1m201&amp#27;[0m                                           &amp#27;[90m# steps.ApiSteps.theResponseStatusCodeShouldBe(int)&amp#27;[0m
  &amp#27;[32mAnd &amp#27;[0m&amp#27;[32mthe response should have &amp#27;[0m&amp#27;[32m&amp#27;[1m"title"&amp#27;[0m&amp#27;[32m with value &amp#27;[0m&amp#27;[32m&amp#27;[1m"foo"&amp#27;[0m                                 &amp#27;[90m# steps.ApiSteps.theResponseShouldHaveWithValue(java.lang.String,java.lang.String)&amp#27;[0m
]]></system-out>
  </testcase>
  <testcase name="Update a resource using PUT request" classname="API Test" time="0.977">
    <system-out><![CDATA[
@put @regression
Scenario: Update a resource using PUT request                                            &amp#27;[90m# src/test/resources/features/ApiTest.feature:30&amp#27;[0m
  &amp#27;[32mGiven &amp#27;[0m&amp#27;[32mI send a PUT request to &amp#27;[0m&amp#27;[32m&amp#27;[1m"https://jsonplaceholder.typicode.com/posts/1"&amp#27;[0m&amp#27;[32m with body&amp#27;[0m &amp#27;[90m# steps.ApiSteps.iSendAPUTRequestToWithBody(java.lang.String,java.lang.String)&amp#27;[0m
  &amp#27;[32mThen &amp#27;[0m&amp#27;[32mthe response status code should be &amp#27;[0m&amp#27;[32m&amp#27;[1m200&amp#27;[0m                                            &amp#27;[90m# steps.ApiSteps.theResponseStatusCodeShouldBe(int)&amp#27;[0m
  &amp#27;[32mAnd &amp#27;[0m&amp#27;[32mthe response should have &amp#27;[0m&amp#27;[32m&amp#27;[1m"title"&amp#27;[0m&amp#27;[32m with value &amp#27;[0m&amp#27;[32m&amp#27;[1m"foo"&amp#27;[0m                                  &amp#27;[90m# steps.ApiSteps.theResponseShouldHaveWithValue(java.lang.String,java.lang.String)&amp#27;[0m
]]></system-out>
  </testcase>
  <testcase name="Delete a resource using DELETE request" classname="API Test" time="0.708">
    <system-out><![CDATA[
@delete @regression @slow
Scenario: Delete a resource using DELETE request                                  &amp#27;[90m# src/test/resources/features/ApiTest.feature:44&amp#27;[0m
  &amp#27;[32mGiven &amp#27;[0m&amp#27;[32mI send a DELETE request to &amp#27;[0m&amp#27;[32m&amp#27;[1m"https://jsonplaceholder.typicode.com/posts/1"&amp#27;[0m &amp#27;[90m# steps.ApiSteps.iSendADELETERequestTo(java.lang.String)&amp#27;[0m
  &amp#27;[32mThen &amp#27;[0m&amp#27;[32mthe response status code should be &amp#27;[0m&amp#27;[32m&amp#27;[1m200&amp#27;[0m                                     &amp#27;[90m# steps.ApiSteps.theResponseStatusCodeShouldBe(int)&amp#27;[0m
]]></system-out>
  </testcase>
</testsuite>